12:17:32 **** Build of configuration Release for project h743zi2_prog2 ****
make -j8 all 
arm-none-eabi-gcc "../Core/Src/stm32f7xx_it.c" -mcpu=cortex-m7 -std=gnu11 -DUSE_HAL_DRIVER -DSTM32H743xx -c -I../Drivers/CMSIS/Include -I../Core/Inc -I../Drivers/STM32H7xx_HAL_Driver/Inc/Legacy -I../Drivers/CMSIS/Device/ST/STM32H7xx/Include -I../Drivers/STM32H7xx_HAL_Driver/Inc -Os -ffunction-sections -fdata-sections -Wall -fstack-usage -MMD -MP -MF"Core/Src/stm32f7xx_it.d" -MT"Core/Src/stm32f7xx_it.o" --specs=nano.specs -mfpu=fpv5-d16 -mfloat-abi=hard -mthumb -o "Core/Src/stm32f7xx_it.o"
arm-none-eabi-gcc "../Core/Src/system_stm32f7xx.c" -mcpu=cortex-m7 -std=gnu11 -DUSE_HAL_DRIVER -DSTM32H743xx -c -I../Drivers/CMSIS/Include -I../Core/Inc -I../Drivers/STM32H7xx_HAL_Driver/Inc/Legacy -I../Drivers/CMSIS/Device/ST/STM32H7xx/Include -I../Drivers/STM32H7xx_HAL_Driver/Inc -Os -ffunction-sections -fdata-sections -Wall -fstack-usage -MMD -MP -MF"Core/Src/system_stm32f7xx.d" -MT"Core/Src/system_stm32f7xx.o" --specs=nano.specs -mfpu=fpv5-d16 -mfloat-abi=hard -mthumb -o "Core/Src/system_stm32f7xx.o"
../Core/Src/system_stm32f7xx.c:48:10: fatal error: stm32f7xx.h: No such file or directory
 #include "stm32f7xx.h"
          ^~~~~~~~~~~~~
compilation terminated.
In file included from ../Core/Src/stm32f7xx_it.c:23:0:
../Core/Inc/main.h:25:10: fatal error: stm32f7xx_hal.h: No such file or directory
 #include "stm32f7xx_hal.h"
          ^~~~~~~~~~~~~~~~~
compilation terminated.
make: *** [Core/Src/subdir.mk:28: Core/Src/system_stm32f7xx.o] Error 1
make: *** Waiting for unfinished jobs....
make: *** [Core/Src/subdir.mk:26: Core/Src/stm32f7xx_it.o] Error 1
"make -j8 all" terminated with exit code 2. Build might be incomplete.

12:17:33 Build Failed. 5 errors, 0 warnings. (took 838ms)

